-------------------------------------------------------------------------------
Test set: com.app.ajay.service.test.BankLoanServiceTest
-------------------------------------------------------------------------------
Tests run: 2, Failures: 0, Errors: 1, Skipped: 0, Time elapsed: 0.12 s <<< FAILURE! - in com.app.ajay.service.test.BankLoanServiceTest
com.app.ajay.service.test.BankLoanServiceTest.simpleAmountInterestWithDurationTest  Time elapsed: 0.07 s  <<< ERROR!
java.lang.IllegalArgumentException
	at com.app.ajay.service.test.BankLoanServiceTest.lambda$simpleAmountInterestWithDurationTest$1(BankLoanServiceTest.java:57)
	at com.app.ajay.service.test.BankLoanServiceTest.simpleAmountInterestWithDurationTest(BankLoanServiceTest.java:56)

